<?xml version="1.0" encoding="UTF-8"?>
<!-- Generated by org.testng.reporters.JUnitReportReporter -->
<testsuite hostname="CSNB0595" name="com.qa.rest.tests.GetCallBDD" tests="1" failures="0" timestamp="26 Jan 2021 21:21:23 GMT" time="4.465" errors="0">
  <testcase name="test_numberOfCircuitsFor2017_Season" time="4.465" classname="com.qa.rest.tests.GetCallBDD"/>
</testsuite> <!-- com.qa.rest.tests.GetCallBDD -->
